生成启动时间为 2013-01-02 11:32:41。
     1>项目“D:\Programs Projects\C++\Compiler\Compiler\Compiler.vcxproj”在节点 2 上(Build 个目标)。
     1>ClCompile:
         C:\Program Files (x86)\Microsoft Visual Studio 11.0\VC\bin\CL.exe /c /ZI /nologo /W3 /WX- /Od /Oy- /D WIN32 /D _DEBUG /D _CONSOLE /D _UNICODE /D UNICODE /Gm /EHsc /RTC1 /MDd /GS /fp:precise /Zc:wchar_t /Zc:forScope /Fo"Debug\\" /Fd"Debug\vc110.pdb" /Gd /TP /analyze- /errorReport:prompt Parser.cpp Quaternion.cpp main.cpp
         Parser.cpp
     1>d:\programs projects\c++\compiler\compiler\parser.cpp(356): warning C4018: “<”: 有符号/无符号不匹配
     1>d:\programs projects\c++\compiler\compiler\parser.cpp(1319): warning C4018: “<”: 有符号/无符号不匹配
     1>d:\programs projects\c++\compiler\compiler\parser.cpp(1338): warning C4018: “<”: 有符号/无符号不匹配
         正在生成代码...
         正在编译...
         main.cpp
         Quaternion.cpp
         正在生成代码...
       Link:
         C:\Program Files (x86)\Microsoft Visual Studio 11.0\VC\bin\link.exe /ERRORREPORT:PROMPT /OUT:"D:\Programs Projects\C++\Compiler\Debug\Compiler.exe" /INCREMENTAL /NOLOGO kernel32.lib user32.lib gdi32.lib winspool.lib comdlg32.lib advapi32.lib shell32.lib ole32.lib oleaut32.lib uuid.lib odbc32.lib odbccp32.lib /MANIFEST /MANIFESTUAC:"level='asInvoker' uiAccess='false'" /manifest:embed /DEBUG /PDB:"D:\Programs Projects\C++\Compiler\Debug\Compiler.pdb" /SUBSYSTEM:CONSOLE /TLBID:1 /DYNAMICBASE /NXCOMPAT /IMPLIB:"D:\Programs Projects\C++\Compiler\Debug\Compiler.lib" /MACHINE:X86 Debug\Compiler.res
         Debug\Error.obj
         Debug\main.obj
         Debug\Parser.obj
         Debug\Quaternion.obj
         Debug\SymbolTable.obj
         Debug\TokenAnalyze.obj
         Compiler.vcxproj -> D:\Programs Projects\C++\Compiler\Debug\Compiler.exe
     1>已完成生成项目“D:\Programs Projects\C++\Compiler\Compiler\Compiler.vcxproj”(Build 个目标)的操作。

生成成功。

已用时间 00:00:04.73
